<?xml version="1.0" encoding="UTF-8"?>
<testng-results skipped="0" failed="0" total="1" passed="1">
  <reporter-output>
  </reporter-output>
  <suite name="Suite" duration-ms="16727" started-at="2015-11-24T16:16:38Z" finished-at="2015-11-24T16:16:54Z">
    <groups>
    </groups>
    <test name="Test" duration-ms="16727" started-at="2015-11-24T16:16:38Z" finished-at="2015-11-24T16:16:54Z">
      <class name="com.sample.SearchTest">
        <test-method status="PASS" signature="ShowResult()" name="ShowResult" duration-ms="16708" started-at="2015-11-24T16:16:38Z" finished-at="2015-11-24T16:16:54Z">
        </test-method>
      </class>
    </test>
  </suite>
</testng-results>
